  [1m[36mSQL (0.3ms)[0m  [1m SELECT name
 FROM sqlite_master
 WHERE type = 'table' AND NOT name = 'sqlite_sequence'
[0m
  [1m[35mSQL (0.3ms)[0m  select sqlite_version(*)
  [1m[36mSQL (6.0ms)[0m  [1mCREATE TABLE "schema_migrations" ("version" varchar(255) NOT NULL) [0m
  [1m[35mSQL (0.1ms)[0m  PRAGMA index_list("schema_migrations")
  [1m[36mSQL (5.9ms)[0m  [1mCREATE UNIQUE INDEX "unique_schema_migrations" ON "schema_migrations" ("version")[0m
  [1m[35mSQL (0.3ms)[0m   SELECT name
 FROM sqlite_master
 WHERE type = 'table' AND NOT name = 'sqlite_sequence'
  [1m[36mSQL (0.4ms)[0m  [1m SELECT name
 FROM sqlite_master
 WHERE type = 'table' AND NOT name = 'sqlite_sequence'
[0m
  [1m[35mSQL (0.2ms)[0m  SELECT "schema_migrations"."version" FROM "schema_migrations"
Migrating to CreatePlaylists (20101015105335)
  [1m[36mSQL (1.1ms)[0m  [1mCREATE TABLE "playlists" ("id" INTEGER PRIMARY KEY AUTOINCREMENT NOT NULL, "day" integer, "creator" varchar(255), "mood" varchar(255), "created_at" datetime, "updated_at" datetime) [0m
  [1m[35mSQL (0.1ms)[0m  INSERT INTO "schema_migrations" ("version") VALUES ('20101015105335')
Migrating to CreateSongs (20101015110813)
  [1m[36mSQL (0.8ms)[0m  [1mCREATE TABLE "songs" ("id" INTEGER PRIMARY KEY AUTOINCREMENT NOT NULL, "playlist_id" integer, "artist" varchar(255), "title" varchar(255), "created_at" datetime, "updated_at" datetime) [0m
  [1m[35mSQL (0.4ms)[0m  INSERT INTO "schema_migrations" ("version") VALUES ('20101015110813')
Migrating to AddDescriptionPlaylist (20101021192936)
  [1m[36mSQL (0.5ms)[0m  [1mALTER TABLE "playlists" ADD "description" varchar(255)[0m
  [1m[35mSQL (0.1ms)[0m  INSERT INTO "schema_migrations" ("version") VALUES ('20101021192936')
  [1m[36mSQL (0.2ms)[0m  [1m SELECT name
 FROM sqlite_master
 WHERE type = 'table' AND NOT name = 'sqlite_sequence'
[0m
  [1m[35mSQL (0.2ms)[0m  SELECT "schema_migrations"."version" FROM "schema_migrations"
  [1m[36mSQL (0.1ms)[0m  [1m SELECT name
 FROM sqlite_master
 WHERE type = 'table' AND NOT name = 'sqlite_sequence'
[0m
  [1m[35mSQL (0.0ms)[0m  PRAGMA index_list("playlists")
  [1m[36mSQL (0.0ms)[0m  [1mPRAGMA index_list("songs")[0m
  [1m[36mSQL (0.6ms)[0m  [1m SELECT name
 FROM sqlite_master
 WHERE type = 'table' AND NOT name = 'sqlite_sequence'
[0m


Started GET "/" for 127.0.0.1 at Thu Oct 21 21:36:01 +0200 2010
  Processing by PlaylistsController#index as HTML
  [1m[36mSQL (0.6ms)[0m  [1m SELECT name
 FROM sqlite_master
 WHERE type = 'table' AND NOT name = 'sqlite_sequence'
[0m
  [1m[35mPlaylist Load (0.4ms)[0m  SELECT "playlists".* FROM "playlists"
Rendered playlists/index.html.haml (5.7ms)
Completed 200 OK in 151ms (Views: 11.5ms | ActiveRecord: 0.9ms)


Started GET "/playlists/new" for 127.0.0.1 at Thu Oct 21 21:36:07 +0200 2010
  Processing by PlaylistsController#new as HTML
DEPRECATION WARNING: - style block helpers are deprecated. Please use =. (called from _app_views_playlists_new_html_haml__703950681_70358810245940_0 at /home/adam/Studia/VII semestr/RoR/Task3/app/views/playlists/new.html.haml:1)
Rendered playlists/new.html.haml (49.9ms)
Completed 200 OK in 65ms (Views: 56.1ms | ActiveRecord: 0.0ms)


Started POST "/playlists" for 127.0.0.1 at Thu Oct 21 21:36:18 +0200 2010
  Processing by PlaylistsController#create as HTML
  Parameters: {"commit"=>"dodaj", "authenticity_token"=>"zqgSxlmEx5NhrORMWzG/81ZUdvvZ4AuYgljuoOZQuYk=", "utf8"=>"\342\234\223", "playlist"=>{"mood"=>"Smutek", "creator"=>"Ja", "day"=>"1"}}
Redirected to http://localhost:3000/
Completed 302 Found in 97ms


Started GET "/" for 127.0.0.1 at Thu Oct 21 21:36:18 +0200 2010
  Processing by PlaylistsController#index as HTML
  [1m[36mPlaylist Load (0.3ms)[0m  [1mSELECT "playlists".* FROM "playlists"[0m
Rendered playlists/index.html.haml (5.5ms)
Completed 200 OK in 21ms (Views: 10.7ms | ActiveRecord: 0.3ms)


Started GET "/playlists/new" for 127.0.0.1 at Thu Oct 21 21:39:51 +0200 2010
  Processing by PlaylistsController#new as HTML
DEPRECATION WARNING: f.error_messages was removed from Rails and is now available as a plugin. Please install it with `rails plugin install git://github.com/rails/dynamic_form.git`. (called from /home/adam/Studia/VII semestr/RoR/Task3/app/views/playlists/new.html.haml:2)
DEPRECATION WARNING: - style block helpers are deprecated. Please use =. (called from _app_views_playlists_new_html_haml__703950681_70172093250980_0 at /home/adam/Studia/VII semestr/RoR/Task3/app/views/playlists/new.html.haml:1)
Rendered playlists/new.html.haml (25.3ms)
Completed 200 OK in 118ms (Views: 30.4ms | ActiveRecord: 0.0ms)


Started GET "/playlists/new" for 127.0.0.1 at Thu Oct 21 21:44:17 +0200 2010
  Processing by PlaylistsController#new as HTML
DEPRECATION WARNING: f.error_messages was removed from Rails and is now available as a plugin. Please install it with `rails plugin install git://github.com/rails/dynamic_form.git`. (called from /home/adam/Studia/VII semestr/RoR/Task3/app/views/playlists/new.html.haml:2)
DEPRECATION WARNING: - style block helpers are deprecated. Please use =. (called from _app_views_playlists_new_html_haml__703950681_70172092253600_0 at /home/adam/Studia/VII semestr/RoR/Task3/app/views/playlists/new.html.haml:1)
Rendered playlists/new.html.haml (21.1ms)
Completed 200 OK in 34ms (Views: 26.5ms | ActiveRecord: 0.0ms)


Started GET "/playlists/new" for 127.0.0.1 at Thu Oct 21 21:45:03 +0200 2010
  Processing by PlaylistsController#new as HTML
DEPRECATION WARNING: f.error_messages was removed from Rails and is now available as a plugin. Please install it with `rails plugin install git://github.com/rails/dynamic_form.git`. (called from /home/adam/Studia/VII semestr/RoR/Task3/app/views/playlists/new.html.haml:2)
DEPRECATION WARNING: - style block helpers are deprecated. Please use =. (called from _app_views_playlists_new_html_haml__703950681_70172092946140_0 at /home/adam/Studia/VII semestr/RoR/Task3/app/views/playlists/new.html.haml:1)
Rendered playlists/new.html.haml (22.3ms)
Completed 200 OK in 39ms (Views: 28.1ms | ActiveRecord: 0.0ms)


Started GET "/" for 127.0.0.1 at Thu Oct 21 21:45:26 +0200 2010
  Processing by PlaylistsController#index as HTML
  [1m[36mSQL (0.5ms)[0m  [1m SELECT name
 FROM sqlite_master
 WHERE type = 'table' AND NOT name = 'sqlite_sequence'
[0m
  [1m[35mPlaylist Load (0.1ms)[0m  SELECT "playlists".* FROM "playlists"
Rendered playlists/index.html.haml (6.0ms)
Completed 200 OK in 119ms (Views: 14.2ms | ActiveRecord: 0.6ms)


Started GET "/playlists/new" for 127.0.0.1 at Thu Oct 21 21:45:28 +0200 2010
  Processing by PlaylistsController#new as HTML
DEPRECATION WARNING: - style block helpers are deprecated. Please use =. (called from _app_views_playlists_new_html_haml__703950681_70244561613200_0 at /home/adam/Studia/VII semestr/RoR/Task3/app/views/playlists/new.html.haml:1)
Rendered playlists/new.html.haml (24.8ms)
Completed 200 OK in 42ms (Views: 33.1ms | ActiveRecord: 0.0ms)


Started POST "/playlists" for 127.0.0.1 at Thu Oct 21 21:45:37 +0200 2010
  Processing by PlaylistsController#create as HTML
  Parameters: {"commit"=>"dodaj", "authenticity_token"=>"zqgSxlmEx5NhrORMWzG/81ZUdvvZ4AuYgljuoOZQuYk=", "utf8"=>"\342\234\223", "playlist"=>{"mood"=>"Bad", "creator"=>"Adam", "day"=>"1"}}
Redirected to http://localhost:3000/
Completed 302 Found in 20ms


Started GET "/" for 127.0.0.1 at Thu Oct 21 21:45:37 +0200 2010
  Processing by PlaylistsController#index as HTML
  [1m[36mPlaylist Load (0.4ms)[0m  [1mSELECT "playlists".* FROM "playlists"[0m
Rendered playlists/index.html.haml (5.9ms)
Completed 200 OK in 27ms (Views: 15.9ms | ActiveRecord: 0.4ms)


Started GET "/playlists/new" for 127.0.0.1 at Thu Oct 21 21:45:39 +0200 2010
  Processing by PlaylistsController#new as HTML
DEPRECATION WARNING: - style block helpers are deprecated. Please use =. (called from _app_views_playlists_new_html_haml__703950681_70244561418920_0 at /home/adam/Studia/VII semestr/RoR/Task3/app/views/playlists/new.html.haml:1)
Rendered playlists/new.html.haml (21.2ms)
Completed 200 OK in 40ms (Views: 30.2ms | ActiveRecord: 0.0ms)


Started POST "/playlists" for 127.0.0.1 at Thu Oct 21 21:46:23 +0200 2010
  Processing by PlaylistsController#create as HTML
  Parameters: {"commit"=>"dodaj", "authenticity_token"=>"zqgSxlmEx5NhrORMWzG/81ZUdvvZ4AuYgljuoOZQuYk=", "utf8"=>"\342\234\223", "playlist"=>{"mood"=>"", "creator"=>"", "day"=>"1"}}
Redirected to http://localhost:3000/
Completed 302 Found in 18ms


Started GET "/" for 127.0.0.1 at Thu Oct 21 21:46:23 +0200 2010
  Processing by PlaylistsController#index as HTML
  [1m[35mPlaylist Load (0.3ms)[0m  SELECT "playlists".* FROM "playlists"
Rendered playlists/index.html.haml (5.2ms)
Completed 200 OK in 23ms (Views: 13.5ms | ActiveRecord: 0.3ms)


Started GET "/playlists/new" for 127.0.0.1 at Thu Oct 21 21:46:24 +0200 2010
  Processing by PlaylistsController#new as HTML
DEPRECATION WARNING: - style block helpers are deprecated. Please use =. (called from _app_views_playlists_new_html_haml__703950681_70244561131640_0 at /home/adam/Studia/VII semestr/RoR/Task3/app/views/playlists/new.html.haml:1)
Rendered playlists/new.html.haml (20.4ms)
Completed 200 OK in 40ms (Views: 30.5ms | ActiveRecord: 0.0ms)


Started POST "/playlists" for 127.0.0.1 at Thu Oct 21 21:46:25 +0200 2010
  Processing by PlaylistsController#create as HTML
  Parameters: {"commit"=>"dodaj", "authenticity_token"=>"zqgSxlmEx5NhrORMWzG/81ZUdvvZ4AuYgljuoOZQuYk=", "utf8"=>"\342\234\223", "playlist"=>{"mood"=>"", "creator"=>"", "day"=>"1"}}
Redirected to http://localhost:3000/
Completed 302 Found in 18ms


Started GET "/" for 127.0.0.1 at Thu Oct 21 21:46:25 +0200 2010
  Processing by PlaylistsController#index as HTML
  [1m[36mPlaylist Load (0.3ms)[0m  [1mSELECT "playlists".* FROM "playlists"[0m
Rendered playlists/index.html.haml (5.3ms)
Completed 200 OK in 25ms (Views: 13.3ms | ActiveRecord: 0.3ms)


Started GET "/playlists" for 127.0.0.1 at Thu Oct 21 21:46:39 +0200 2010
  Processing by PlaylistsController#index as HTML
  [1m[35mPlaylist Load (0.3ms)[0m  SELECT "playlists".* FROM "playlists"
Rendered playlists/index.html.haml (5.5ms)
Completed 200 OK in 24ms (Views: 14.0ms | ActiveRecord: 0.3ms)


Started GET "/playlists/new" for 127.0.0.1 at Thu Oct 21 21:46:40 +0200 2010
  Processing by PlaylistsController#new as HTML
DEPRECATION WARNING: - style block helpers are deprecated. Please use =. (called from _app_views_playlists_new_html_haml__703950681_70244563407420_0 at /home/adam/Studia/VII semestr/RoR/Task3/app/views/playlists/new.html.haml:1)
Rendered playlists/new.html.haml (23.7ms)
Completed 200 OK in 120ms (Views: 47.3ms | ActiveRecord: 0.0ms)


Started GET "/playlists/new" for 127.0.0.1 at Thu Oct 21 21:47:46 +0200 2010
  Processing by PlaylistsController#new as HTML
Rendered playlists/new.html.haml (16.4ms)
Completed   in 37ms

ActionView::Template::Error (undefined method `errors' for #<ActionView::Helpers::FormBuilder:0x7fc62c50a538>):
    1: - form_for @playlist do |f|
    2:   = f.errors
    3:   %p
    4:     Autor:
    5:     = f.text_field :creator
  app/views/playlists/new.html.haml:2
  app/views/playlists/new.html.haml:1:in `_app_views_playlists_new_html_haml__703950681_70244562034280_0'

Rendered /usr/lib/ruby/gems/1.8/gems/actionpack-3.0.0/lib/action_dispatch/middleware/templates/rescues/_trace.erb (4.4ms)
Rendered /usr/lib/ruby/gems/1.8/gems/actionpack-3.0.0/lib/action_dispatch/middleware/templates/rescues/_request_and_response.erb (7.3ms)
Rendered /usr/lib/ruby/gems/1.8/gems/actionpack-3.0.0/lib/action_dispatch/middleware/templates/rescues/template_error.erb within rescues/layout (19.9ms)


Started GET "/" for 127.0.0.1 at Thu Oct 21 21:54:09 +0200 2010
  Processing by PlaylistsController#index as HTML
  [1m[36mPlaylist Load (0.3ms)[0m  [1mSELECT "playlists".* FROM "playlists"[0m
Rendered playlists/index.html.haml (5.3ms)
Completed 200 OK in 25ms (Views: 13.8ms | ActiveRecord: 0.3ms)


Started GET "/playlists/new" for 127.0.0.1 at Thu Oct 21 21:54:10 +0200 2010
  Processing by PlaylistsController#new as HTML
DEPRECATION WARNING: - style block helpers are deprecated. Please use =. (called from _app_views_playlists_new_html_haml__703950681_70244561882960_0 at /home/adam/Studia/VII semestr/RoR/Task3/app/views/playlists/new.html.haml:1)
Rendered playlists/new.html.haml (21.0ms)
Completed 200 OK in 38ms (Views: 29.7ms | ActiveRecord: 0.0ms)


Started GET "/playlists/new" for 127.0.0.1 at Thu Oct 21 21:54:21 +0200 2010
  Processing by PlaylistsController#new as HTML
Rendered playlists/new.html.haml (10.5ms)
Completed   in 27ms

ActionView::Template::Error (undefined method `len' for "":String):
    1: - form_for @playlist do |f|
    2:   = f.error_messages.len
    3:   %p
    4:     Autor:
    5:     = f.text_field :creator
  app/views/playlists/new.html.haml:2
  app/views/playlists/new.html.haml:1:in `_app_views_playlists_new_html_haml__703950681_70244560868100_0'

Rendered /usr/lib/ruby/gems/1.8/gems/actionpack-3.0.0/lib/action_dispatch/middleware/templates/rescues/_trace.erb (1.4ms)
Rendered /usr/lib/ruby/gems/1.8/gems/actionpack-3.0.0/lib/action_dispatch/middleware/templates/rescues/_request_and_response.erb (6.5ms)
Rendered /usr/lib/ruby/gems/1.8/gems/actionpack-3.0.0/lib/action_dispatch/middleware/templates/rescues/template_error.erb within rescues/layout (13.4ms)


Started GET "/playlists/new" for 127.0.0.1 at Thu Oct 21 21:54:29 +0200 2010
  Processing by PlaylistsController#new as HTML
DEPRECATION WARNING: - style block helpers are deprecated. Please use =. (called from _app_views_playlists_new_html_haml__703950681_70244561559380_0 at /home/adam/Studia/VII semestr/RoR/Task3/app/views/playlists/new.html.haml:1)
Rendered playlists/new.html.haml (20.2ms)
Completed 200 OK in 38ms (Views: 28.3ms | ActiveRecord: 0.0ms)


Started POST "/playlists" for 127.0.0.1 at Thu Oct 21 21:54:34 +0200 2010
  Processing by PlaylistsController#create as HTML
  Parameters: {"commit"=>"dodaj", "authenticity_token"=>"PBYiEtRLLAhAUJ2aUY2V/WdVcXyIhvHFc40wRJ+Bjeo=", "utf8"=>"\342\234\223", "playlist"=>{"mood"=>"", "creator"=>"", "day"=>"1"}}
Redirected to http://localhost:3000/
Completed 302 Found in 16ms


Started GET "/" for 127.0.0.1 at Thu Oct 21 21:54:34 +0200 2010
  Processing by PlaylistsController#index as HTML
  [1m[35mPlaylist Load (0.3ms)[0m  SELECT "playlists".* FROM "playlists"
Rendered playlists/index.html.haml (6.4ms)
Completed 200 OK in 27ms (Views: 15.2ms | ActiveRecord: 0.3ms)


Started GET "/playlists/new" for 127.0.0.1 at Thu Oct 21 21:54:35 +0200 2010
  Processing by PlaylistsController#new as HTML
DEPRECATION WARNING: - style block helpers are deprecated. Please use =. (called from _app_views_playlists_new_html_haml__703950681_70244561889100_0 at /home/adam/Studia/VII semestr/RoR/Task3/app/views/playlists/new.html.haml:1)
Rendered playlists/new.html.haml (25.0ms)
Completed 200 OK in 43ms (Views: 34.7ms | ActiveRecord: 0.0ms)


Started POST "/playlists" for 127.0.0.1 at Thu Oct 21 21:57:14 +0200 2010
  Processing by PlaylistsController#create as HTML
  Parameters: {"commit"=>"dodaj", "authenticity_token"=>"PBYiEtRLLAhAUJ2aUY2V/WdVcXyIhvHFc40wRJ+Bjeo=", "utf8"=>"\342\234\223", "playlist"=>{"mood"=>"", "creator"=>"", "day"=>"1"}}
Redirected to http://localhost:3000/
Completed 302 Found in 85ms


Started GET "/" for 127.0.0.1 at Thu Oct 21 21:57:15 +0200 2010
  Processing by PlaylistsController#index as HTML
  [1m[36mPlaylist Load (0.3ms)[0m  [1mSELECT "playlists".* FROM "playlists"[0m
Rendered playlists/index.html.haml (6.7ms)
Completed 200 OK in 26ms (Views: 15.1ms | ActiveRecord: 0.3ms)


Started GET "/playlists/new" for 127.0.0.1 at Thu Oct 21 21:57:16 +0200 2010
  Processing by PlaylistsController#new as HTML
DEPRECATION WARNING: - style block helpers are deprecated. Please use =. (called from _app_views_playlists_new_html_haml__703950681_70244561628880_0 at /home/adam/Studia/VII semestr/RoR/Task3/app/views/playlists/new.html.haml:1)
Rendered playlists/new.html.haml (22.8ms)
Completed 200 OK in 40ms (Views: 31.7ms | ActiveRecord: 0.0ms)


Started GET "/playlists/new" for 127.0.0.1 at Thu Oct 21 21:59:25 +0200 2010
  Processing by PlaylistsController#new as HTML
DEPRECATION WARNING: - style block helpers are deprecated. Please use =. (called from _app_views_playlists_new_html_haml__703950681_70244563398760_0 at /home/adam/Studia/VII semestr/RoR/Task3/app/views/playlists/new.html.haml:1)
Rendered playlists/new.html.haml (23.8ms)
Completed 200 OK in 109ms (Views: 32.3ms | ActiveRecord: 0.0ms)


Started POST "/playlists" for 127.0.0.1 at Thu Oct 21 21:59:26 +0200 2010
  Processing by PlaylistsController#create as HTML
  Parameters: {"commit"=>"dodaj", "authenticity_token"=>"PBYiEtRLLAhAUJ2aUY2V/WdVcXyIhvHFc40wRJ+Bjeo=", "utf8"=>"\342\234\223", "playlist"=>{"mood"=>"", "creator"=>"", "day"=>"1"}}
Completed   in 33ms

ActionView::MissingTemplate (Missing template playlists/create with {:formats=>[:html], :handlers=>[:rhtml, :haml, :rxml, :erb, :rjs, :builder], :locale=>[:en, :en]} in view paths "/home/adam/Studia/VII semestr/RoR/Task3/app/views", "/home/adam/Studia/VII semestr/RoR/Task3/vendor/plugins/dynamic_form/app/views"):
  

Rendered /usr/lib/ruby/gems/1.8/gems/actionpack-3.0.0/lib/action_dispatch/middleware/templates/rescues/missing_template.erb within rescues/layout (1.6ms)


Started GET "/playlists/new" for 127.0.0.1 at Thu Oct 21 21:59:52 +0200 2010
  Processing by PlaylistsController#new as HTML
DEPRECATION WARNING: - style block helpers are deprecated. Please use =. (called from _app_views_playlists_new_html_haml__703950681_70244560561100_0 at /home/adam/Studia/VII semestr/RoR/Task3/app/views/playlists/new.html.haml:1)
Rendered playlists/new.html.haml (93.0ms)
Completed 200 OK in 110ms (Views: 101.5ms | ActiveRecord: 0.0ms)


Started POST "/playlists" for 127.0.0.1 at Thu Oct 21 21:59:55 +0200 2010
  Processing by PlaylistsController#create as HTML
  Parameters: {"commit"=>"dodaj", "authenticity_token"=>"PBYiEtRLLAhAUJ2aUY2V/WdVcXyIhvHFc40wRJ+Bjeo=", "utf8"=>"\342\234\223", "playlist"=>{"mood"=>"", "creator"=>"", "day"=>"1"}}
Completed   in 21ms

NameError (undefined local variable or method `new_playlist' for #<PlaylistsController:0x7fc62c6c0ff8>):
  app/controllers/playlists_controller.rb:21:in `create'

Rendered /usr/lib/ruby/gems/1.8/gems/actionpack-3.0.0/lib/action_dispatch/middleware/templates/rescues/_trace.erb (2.3ms)
Rendered /usr/lib/ruby/gems/1.8/gems/actionpack-3.0.0/lib/action_dispatch/middleware/templates/rescues/_request_and_response.erb (13.1ms)
Rendered /usr/lib/ruby/gems/1.8/gems/actionpack-3.0.0/lib/action_dispatch/middleware/templates/rescues/diagnostics.erb within rescues/layout (20.0ms)


Started POST "/playlists" for 127.0.0.1 at Thu Oct 21 22:00:23 +0200 2010
  Processing by PlaylistsController#create as HTML
  Parameters: {"commit"=>"dodaj", "authenticity_token"=>"PBYiEtRLLAhAUJ2aUY2V/WdVcXyIhvHFc40wRJ+Bjeo=", "utf8"=>"\342\234\223", "playlist"=>{"mood"=>"", "creator"=>"", "day"=>"1"}}
Redirected to http://localhost:3000/playlists
Completed 302 Found in 19ms


Started GET "/playlists" for 127.0.0.1 at Thu Oct 21 22:00:23 +0200 2010
  Processing by PlaylistsController#index as HTML
  [1m[35mPlaylist Load (0.3ms)[0m  SELECT "playlists".* FROM "playlists"
Rendered playlists/index.html.haml (5.6ms)
Completed 200 OK in 27ms (Views: 15.1ms | ActiveRecord: 0.3ms)


Started GET "/playlists/new" for 127.0.0.1 at Thu Oct 21 22:00:24 +0200 2010
  Processing by PlaylistsController#new as HTML
DEPRECATION WARNING: - style block helpers are deprecated. Please use =. (called from _app_views_playlists_new_html_haml__703950681_70244561980940_0 at /home/adam/Studia/VII semestr/RoR/Task3/app/views/playlists/new.html.haml:1)
Rendered playlists/new.html.haml (23.0ms)
Completed 200 OK in 41ms (Views: 32.7ms | ActiveRecord: 0.0ms)


Started GET "/playlists/new" for 127.0.0.1 at Thu Oct 21 22:02:10 +0200 2010
  Processing by PlaylistsController#new as HTML
DEPRECATION WARNING: - style block helpers are deprecated. Please use =. (called from _app_views_playlists_new_html_haml__703950681_70244560936760_0 at /home/adam/Studia/VII semestr/RoR/Task3/app/views/playlists/new.html.haml:1)
Rendered playlists/new.html.haml (90.7ms)
Completed 200 OK in 109ms (Views: 100.4ms | ActiveRecord: 0.0ms)


Started POST "/playlists" for 127.0.0.1 at Thu Oct 21 22:02:11 +0200 2010
  Processing by PlaylistsController#create as HTML
  Parameters: {"commit"=>"dodaj", "authenticity_token"=>"PBYiEtRLLAhAUJ2aUY2V/WdVcXyIhvHFc40wRJ+Bjeo=", "utf8"=>"\342\234\223", "playlist"=>{"mood"=>"", "creator"=>"", "day"=>"1"}}
Completed   in 20ms

NameError (undefined local variable or method `new_playlist' for #<PlaylistsController:0x7fc62c6db218>):
  app/controllers/playlists_controller.rb:21:in `create'

Rendered /usr/lib/ruby/gems/1.8/gems/actionpack-3.0.0/lib/action_dispatch/middleware/templates/rescues/_trace.erb (1.4ms)
Rendered /usr/lib/ruby/gems/1.8/gems/actionpack-3.0.0/lib/action_dispatch/middleware/templates/rescues/_request_and_response.erb (8.8ms)
Rendered /usr/lib/ruby/gems/1.8/gems/actionpack-3.0.0/lib/action_dispatch/middleware/templates/rescues/diagnostics.erb within rescues/layout (14.9ms)


Started GET "/playlists" for 127.0.0.1 at Thu Oct 21 22:03:31 +0200 2010
  Processing by PlaylistsController#index as HTML
  [1m[36mPlaylist Load (0.3ms)[0m  [1mSELECT "playlists".* FROM "playlists"[0m
Rendered playlists/index.html.haml (6.5ms)
Completed 200 OK in 26ms (Views: 15.0ms | ActiveRecord: 0.3ms)


Started GET "/playlists/new" for 127.0.0.1 at Thu Oct 21 22:03:32 +0200 2010
  Processing by PlaylistsController#new as HTML
DEPRECATION WARNING: - style block helpers are deprecated. Please use =. (called from _app_views_playlists_new_html_haml__703950681_70244562865640_0 at /home/adam/Studia/VII semestr/RoR/Task3/app/views/playlists/new.html.haml:1)
Rendered playlists/new.html.haml (23.4ms)
Completed 200 OK in 43ms (Views: 32.4ms | ActiveRecord: 0.0ms)


Started POST "/playlists" for 127.0.0.1 at Thu Oct 21 22:03:33 +0200 2010
  Processing by PlaylistsController#create as HTML
  Parameters: {"commit"=>"dodaj", "authenticity_token"=>"PBYiEtRLLAhAUJ2aUY2V/WdVcXyIhvHFc40wRJ+Bjeo=", "utf8"=>"\342\234\223", "playlist"=>{"mood"=>"", "creator"=>"", "day"=>"1"}}
Rendered playlists/new.html.haml (4.0ms)
Completed   in 31ms

ActionView::Template::Error (undefined method `model_name' for NilClass:Class):
    1: - form_for @playlist do |f|
    2:   = f.error_messages.length
    3:   %p
    4:     Autor:
  app/views/playlists/new.html.haml:1:in `_app_views_playlists_new_html_haml__703950681_70244561443900_0'
  app/controllers/playlists_controller.rb:21:in `create'

Rendered /usr/lib/ruby/gems/1.8/gems/actionpack-3.0.0/lib/action_dispatch/middleware/templates/rescues/_trace.erb (1.3ms)
Rendered /usr/lib/ruby/gems/1.8/gems/actionpack-3.0.0/lib/action_dispatch/middleware/templates/rescues/_request_and_response.erb (7.8ms)
Rendered /usr/lib/ruby/gems/1.8/gems/actionpack-3.0.0/lib/action_dispatch/middleware/templates/rescues/template_error.erb within rescues/layout (14.5ms)


Started POST "/playlists" for 127.0.0.1 at Thu Oct 21 22:05:48 +0200 2010
  Processing by PlaylistsController#create as HTML
  Parameters: {"commit"=>"dodaj", "authenticity_token"=>"PBYiEtRLLAhAUJ2aUY2V/WdVcXyIhvHFc40wRJ+Bjeo=", "utf8"=>"\342\234\223", "playlist"=>{"mood"=>"", "creator"=>"", "day"=>"1"}}
Rendered playlists/new.html.haml (6.9ms)
Completed   in 43ms

ActionView::Template::Error (undefined method `model_name' for NilClass:Class):
    1: f.error_messages
    2: - form_for @playlist do |f|
    3:   %p
    4:     Autor:
    5:     = f.text_field :creator
  app/views/playlists/new.html.haml:2:in `_app_views_playlists_new_html_haml__703950681_70244562422200_0'
  app/controllers/playlists_controller.rb:21:in `create'

Rendered /usr/lib/ruby/gems/1.8/gems/actionpack-3.0.0/lib/action_dispatch/middleware/templates/rescues/_trace.erb (1.4ms)
Rendered /usr/lib/ruby/gems/1.8/gems/actionpack-3.0.0/lib/action_dispatch/middleware/templates/rescues/_request_and_response.erb (11.0ms)
Rendered /usr/lib/ruby/gems/1.8/gems/actionpack-3.0.0/lib/action_dispatch/middleware/templates/rescues/template_error.erb within rescues/layout (20.7ms)


Started GET "/playlists" for 127.0.0.1 at Thu Oct 21 22:10:16 +0200 2010
  Processing by PlaylistsController#index as HTML
  [1m[35mPlaylist Load (0.3ms)[0m  SELECT "playlists".* FROM "playlists"
Rendered playlists/index.html.haml (5.4ms)
Completed 200 OK in 23ms (Views: 13.5ms | ActiveRecord: 0.3ms)


Started GET "/playlists/new" for 127.0.0.1 at Thu Oct 21 22:10:17 +0200 2010
  Processing by PlaylistsController#new as HTML
DEPRECATION WARNING: - style block helpers are deprecated. Please use =. (called from _app_views_playlists_new_html_haml__703950681_70244560329760_0 at /home/adam/Studia/VII semestr/RoR/Task3/app/views/playlists/new.html.haml:2)
Rendered playlists/new.html.haml (89.7ms)
Completed 200 OK in 108ms (Views: 98.6ms | ActiveRecord: 0.0ms)


Started POST "/playlists" for 127.0.0.1 at Thu Oct 21 22:10:20 +0200 2010
  Processing by PlaylistsController#create as HTML
  Parameters: {"commit"=>"dodaj", "authenticity_token"=>"PBYiEtRLLAhAUJ2aUY2V/WdVcXyIhvHFc40wRJ+Bjeo=", "utf8"=>"\342\234\223", "playlist"=>{"mood"=>"", "creator"=>"", "day"=>"1"}}
Completed   in 27ms

ActionView::MissingTemplate (Missing template playlists/resource_new with {:formats=>[:html], :handlers=>[:rhtml, :haml, :rxml, :erb, :rjs, :builder], :locale=>[:en, :en]} in view paths "/home/adam/Studia/VII semestr/RoR/Task3/app/views", "/home/adam/Studia/VII semestr/RoR/Task3/vendor/plugins/dynamic_form/app/views"):
  app/controllers/playlists_controller.rb:21:in `create'

Rendered /usr/lib/ruby/gems/1.8/gems/actionpack-3.0.0/lib/action_dispatch/middleware/templates/rescues/missing_template.erb within rescues/layout (0.7ms)


Started GET "/playlists/new" for 127.0.0.1 at Thu Oct 21 22:13:30 +0200 2010
  Processing by PlaylistsController#new as HTML
Rendered playlists/new.html.haml (11.2ms)
Completed   in 27ms

ActionView::Template::Error (undefined local variable or method `f' for #<#<Class:0x7fc62c3821c0>:0x7fc62c353af0>):
    1: = f.error_messages
    2: - form_for @playlist do |f|
    3:   %p
    4:     Autor:
  app/views/playlists/new.html.haml:1:in `_app_views_playlists_new_html_haml__703950681_70244560957140_0'

Rendered /usr/lib/ruby/gems/1.8/gems/actionpack-3.0.0/lib/action_dispatch/middleware/templates/rescues/_trace.erb (1.3ms)
Rendered /usr/lib/ruby/gems/1.8/gems/actionpack-3.0.0/lib/action_dispatch/middleware/templates/rescues/_request_and_response.erb (6.5ms)
Rendered /usr/lib/ruby/gems/1.8/gems/actionpack-3.0.0/lib/action_dispatch/middleware/templates/rescues/template_error.erb within rescues/layout (79.2ms)


Started GET "/playlists/new" for 127.0.0.1 at Thu Oct 21 22:14:19 +0200 2010
  Processing by PlaylistsController#new as HTML
Rendered playlists/new.html.haml (12.6ms)
Completed   in 31ms

ActionView::Template::Error (undefined local variable or method `error_messages' for #<#<Class:0x7fc62c6226c8>:0x7fc62c613cb8>):
    1: = error_messages
    2: - form_for @playlist do |f|
    3:   %p
    4:     Autor:
  app/views/playlists/new.html.haml:1:in `_app_views_playlists_new_html_haml__703950681_70244562386280_0'

Rendered /usr/lib/ruby/gems/1.8/gems/actionpack-3.0.0/lib/action_dispatch/middleware/templates/rescues/_trace.erb (1.3ms)
Rendered /usr/lib/ruby/gems/1.8/gems/actionpack-3.0.0/lib/action_dispatch/middleware/templates/rescues/_request_and_response.erb (6.5ms)
Rendered /usr/lib/ruby/gems/1.8/gems/actionpack-3.0.0/lib/action_dispatch/middleware/templates/rescues/template_error.erb within rescues/layout (12.9ms)


Started GET "/playlists/new" for 127.0.0.1 at Thu Oct 21 22:14:35 +0200 2010
  Processing by PlaylistsController#new as HTML
DEPRECATION WARNING: - style block helpers are deprecated. Please use =. (called from _app_views_playlists_new_html_haml__703950681_70244560799060_0 at /home/adam/Studia/VII semestr/RoR/Task3/app/views/playlists/new.html.haml:1)
Rendered playlists/new.html.haml (87.3ms)
Completed 200 OK in 110ms (Views: 100.5ms | ActiveRecord: 0.0ms)


Started POST "/playlists" for 127.0.0.1 at Thu Oct 21 22:14:37 +0200 2010
  Processing by PlaylistsController#create as HTML
  Parameters: {"commit"=>"dodaj", "authenticity_token"=>"PBYiEtRLLAhAUJ2aUY2V/WdVcXyIhvHFc40wRJ+Bjeo=", "utf8"=>"\342\234\223", "playlist"=>{"mood"=>"", "creator"=>"", "day"=>"1"}}
Completed   in 27ms

ActionView::MissingTemplate (Missing template playlists/playlist_new with {:formats=>[:html], :handlers=>[:rhtml, :haml, :rxml, :erb, :rjs, :builder], :locale=>[:en, :en]} in view paths "/home/adam/Studia/VII semestr/RoR/Task3/app/views", "/home/adam/Studia/VII semestr/RoR/Task3/vendor/plugins/dynamic_form/app/views"):
  app/controllers/playlists_controller.rb:21:in `create'

Rendered /usr/lib/ruby/gems/1.8/gems/actionpack-3.0.0/lib/action_dispatch/middleware/templates/rescues/missing_template.erb within rescues/layout (0.7ms)


Started GET "/" for 127.0.0.1 at Thu Oct 21 22:30:39 +0200 2010
  Processing by PlaylistsController#index as HTML
  [1m[36mPlaylist Load (0.3ms)[0m  [1mSELECT "playlists".* FROM "playlists"[0m
Rendered playlists/index.html.haml (5.8ms)
Completed 200 OK in 25ms (Views: 14.3ms | ActiveRecord: 0.3ms)


Started GET "/playlists/new" for 127.0.0.1 at Thu Oct 21 22:30:41 +0200 2010
  Processing by PlaylistsController#new as HTML
DEPRECATION WARNING: - style block helpers are deprecated. Please use =. (called from _app_views_playlists_new_html_haml__703950681_70244560327880_0 at /home/adam/Studia/VII semestr/RoR/Task3/app/views/playlists/new.html.haml:1)
Rendered playlists/new.html.haml (89.3ms)
Completed 200 OK in 107ms (Views: 97.6ms | ActiveRecord: 0.0ms)


Started POST "/playlists" for 127.0.0.1 at Thu Oct 21 22:30:43 +0200 2010
  Processing by PlaylistsController#create as HTML
  Parameters: {"commit"=>"dodaj", "authenticity_token"=>"zqgSxlmEx5NhrORMWzG/81ZUdvvZ4AuYgljuoOZQuYk=", "utf8"=>"\342\234\223", "playlist"=>{"mood"=>"", "creator"=>"", "day"=>"1"}}
Rendered playlists/new.html.haml (3.8ms)
Completed   in 29ms

ActionView::Template::Error (undefined method `model_name' for NilClass:Class):
    1: - form_for @playlist do |f|
    2:   = f.error_messages
    3:   %p
    4:     Autor:
  app/views/playlists/new.html.haml:1:in `_app_views_playlists_new_html_haml__703950681_70244562036840_0'
  app/controllers/playlists_controller.rb:21:in `create'

Rendered /usr/lib/ruby/gems/1.8/gems/actionpack-3.0.0/lib/action_dispatch/middleware/templates/rescues/_trace.erb (1.3ms)
Rendered /usr/lib/ruby/gems/1.8/gems/actionpack-3.0.0/lib/action_dispatch/middleware/templates/rescues/_request_and_response.erb (7.9ms)
Rendered /usr/lib/ruby/gems/1.8/gems/actionpack-3.0.0/lib/action_dispatch/middleware/templates/rescues/template_error.erb within rescues/layout (14.0ms)


Started GET "/playlists" for 127.0.0.1 at Thu Oct 21 22:33:44 +0200 2010
  Processing by PlaylistsController#index as HTML
  [1m[35mPlaylist Load (0.3ms)[0m  SELECT "playlists".* FROM "playlists"
Rendered playlists/index.html.haml (76.6ms)
Completed 200 OK in 94ms (Views: 84.7ms | ActiveRecord: 0.3ms)


Started GET "/playlists/new" for 127.0.0.1 at Thu Oct 21 22:33:45 +0200 2010
  Processing by PlaylistsController#new as HTML
DEPRECATION WARNING: - style block helpers are deprecated. Please use =. (called from _app_views_playlists_new_html_haml__703950681_70244562385560_0 at /home/adam/Studia/VII semestr/RoR/Task3/app/views/playlists/new.html.haml:1)
Rendered playlists/new.html.haml (20.6ms)
Completed 200 OK in 41ms (Views: 28.9ms | ActiveRecord: 0.0ms)


Started POST "/playlists" for 127.0.0.1 at Thu Oct 21 22:33:47 +0200 2010
  Processing by PlaylistsController#create as HTML
  Parameters: {"commit"=>"dodaj", "authenticity_token"=>"zqgSxlmEx5NhrORMWzG/81ZUdvvZ4AuYgljuoOZQuYk=", "utf8"=>"\342\234\223", "playlist"=>{"mood"=>"", "creator"=>"", "day"=>"1"}}
Rendered playlists/new.html.haml (3.8ms)
Completed   in 29ms

ActionView::Template::Error (undefined method `model_name' for NilClass:Class):
    1: - form_for @playlist do |f|
    2:   = f.error_messages
    3:   %p
    4:     Autor:
  app/views/playlists/new.html.haml:1:in `_app_views_playlists_new_html_haml__703950681_70244561138320_0'
  app/controllers/playlists_controller.rb:21:in `create'

Rendered /usr/lib/ruby/gems/1.8/gems/actionpack-3.0.0/lib/action_dispatch/middleware/templates/rescues/_trace.erb (1.3ms)
Rendered /usr/lib/ruby/gems/1.8/gems/actionpack-3.0.0/lib/action_dispatch/middleware/templates/rescues/_request_and_response.erb (72.4ms)
Rendered /usr/lib/ruby/gems/1.8/gems/actionpack-3.0.0/lib/action_dispatch/middleware/templates/rescues/template_error.erb within rescues/layout (78.5ms)


Started GET "/playlists" for 127.0.0.1 at Thu Oct 21 22:36:29 +0200 2010
  Processing by PlaylistsController#index as HTML
  [1m[36mPlaylist Load (0.3ms)[0m  [1mSELECT "playlists".* FROM "playlists"[0m
Rendered playlists/index.html.haml (5.4ms)
Completed 200 OK in 26ms (Views: 15.3ms | ActiveRecord: 0.3ms)


Started GET "/playlists/new" for 127.0.0.1 at Thu Oct 21 22:36:30 +0200 2010
  Processing by PlaylistsController#new as HTML
DEPRECATION WARNING: - style block helpers are deprecated. Please use =. (called from _app_views_playlists_new_html_haml__703950681_70244561362820_0 at /home/adam/Studia/VII semestr/RoR/Task3/app/views/playlists/new.html.haml:1)
Rendered playlists/new.html.haml (19.7ms)
Completed 200 OK in 37ms (Views: 28.6ms | ActiveRecord: 0.0ms)


Started POST "/playlists" for 127.0.0.1 at Thu Oct 21 22:36:32 +0200 2010
  Processing by PlaylistsController#create as HTML
  Parameters: {"commit"=>"dodaj", "authenticity_token"=>"zqgSxlmEx5NhrORMWzG/81ZUdvvZ4AuYgljuoOZQuYk=", "utf8"=>"\342\234\223", "playlist"=>{"mood"=>"", "creator"=>"", "day"=>"1"}}
Completed   in 22ms

ActiveRecord::RecordInvalid (Validation failed: Description can't be blank):
  app/controllers/playlists_controller.rb:18:in `create'

Rendered /usr/lib/ruby/gems/1.8/gems/actionpack-3.0.0/lib/action_dispatch/middleware/templates/rescues/_trace.erb (1.4ms)
Rendered /usr/lib/ruby/gems/1.8/gems/actionpack-3.0.0/lib/action_dispatch/middleware/templates/rescues/_request_and_response.erb (8.5ms)
Rendered /usr/lib/ruby/gems/1.8/gems/actionpack-3.0.0/lib/action_dispatch/middleware/templates/rescues/diagnostics.erb within rescues/layout (15.2ms)


Started GET "/playlists" for 127.0.0.1 at Thu Oct 21 22:37:19 +0200 2010
  Processing by PlaylistsController#index as HTML
  [1m[35mPlaylist Load (0.3ms)[0m  SELECT "playlists".* FROM "playlists"
Rendered playlists/index.html.haml (5.3ms)
Completed 200 OK in 24ms (Views: 14.1ms | ActiveRecord: 0.3ms)


Started GET "/playlists/new" for 127.0.0.1 at Thu Oct 21 22:37:20 +0200 2010
  Processing by PlaylistsController#new as HTML
DEPRECATION WARNING: - style block helpers are deprecated. Please use =. (called from _app_views_playlists_new_html_haml__703950681_70244560351480_0 at /home/adam/Studia/VII semestr/RoR/Task3/app/views/playlists/new.html.haml:1)
Rendered playlists/new.html.haml (92.8ms)
Completed 200 OK in 112ms (Views: 102.4ms | ActiveRecord: 0.0ms)


Started POST "/playlists" for 127.0.0.1 at Thu Oct 21 22:37:21 +0200 2010
  Processing by PlaylistsController#create as HTML
  Parameters: {"commit"=>"dodaj", "authenticity_token"=>"zqgSxlmEx5NhrORMWzG/81ZUdvvZ4AuYgljuoOZQuYk=", "utf8"=>"\342\234\223", "playlist"=>{"mood"=>"", "creator"=>"", "day"=>"1"}}
Completed   in 20ms

ActiveRecord::RecordInvalid (Validation failed: Description can't be blank):
  app/controllers/playlists_controller.rb:18:in `create'

Rendered /usr/lib/ruby/gems/1.8/gems/actionpack-3.0.0/lib/action_dispatch/middleware/templates/rescues/_trace.erb (1.3ms)
Rendered /usr/lib/ruby/gems/1.8/gems/actionpack-3.0.0/lib/action_dispatch/middleware/templates/rescues/_request_and_response.erb (8.7ms)
Rendered /usr/lib/ruby/gems/1.8/gems/actionpack-3.0.0/lib/action_dispatch/middleware/templates/rescues/diagnostics.erb within rescues/layout (14.4ms)


Started GET "/playlists" for 127.0.0.1 at Thu Oct 21 22:40:26 +0200 2010
  Processing by PlaylistsController#index as HTML
  [1m[36mPlaylist Load (0.3ms)[0m  [1mSELECT "playlists".* FROM "playlists"[0m
Rendered playlists/index.html.haml (6.0ms)
Completed 200 OK in 27ms (Views: 15.1ms | ActiveRecord: 0.3ms)


Started GET "/playlists/new" for 127.0.0.1 at Thu Oct 21 22:40:27 +0200 2010
  Processing by PlaylistsController#new as HTML
DEPRECATION WARNING: - style block helpers are deprecated. Please use =. (called from _app_views_playlists_new_html_haml__703950681_70244562895760_0 at /home/adam/Studia/VII semestr/RoR/Task3/app/views/playlists/new.html.haml:1)
Rendered playlists/new.html.haml (22.0ms)
Completed 200 OK in 42ms (Views: 31.6ms | ActiveRecord: 0.0ms)


Started POST "/playlists" for 127.0.0.1 at Thu Oct 21 22:40:28 +0200 2010
  Processing by PlaylistsController#create as HTML
  Parameters: {"commit"=>"dodaj", "authenticity_token"=>"zqgSxlmEx5NhrORMWzG/81ZUdvvZ4AuYgljuoOZQuYk=", "utf8"=>"\342\234\223", "playlist"=>{"mood"=>"", "creator"=>"", "day"=>"1"}}
Rendered playlists/new.html.haml (5.0ms)
Completed   in 32ms

ActionView::Template::Error (undefined method `model_name' for NilClass:Class):
    1: - form_for @playlist do |f|
    2:   %p
    3:     Autor:
    4:     = f.text_field :creator
  app/views/playlists/new.html.haml:1:in `_app_views_playlists_new_html_haml__703950681_70244561391340_0'
  app/controllers/playlists_controller.rb:21:in `create'

Rendered /usr/lib/ruby/gems/1.8/gems/actionpack-3.0.0/lib/action_dispatch/middleware/templates/rescues/_trace.erb (1.3ms)
Rendered /usr/lib/ruby/gems/1.8/gems/actionpack-3.0.0/lib/action_dispatch/middleware/templates/rescues/_request_and_response.erb (8.7ms)
Rendered /usr/lib/ruby/gems/1.8/gems/actionpack-3.0.0/lib/action_dispatch/middleware/templates/rescues/template_error.erb within rescues/layout (14.8ms)


Started GET "/playlists" for 127.0.0.1 at Thu Oct 21 22:42:38 +0200 2010
  Processing by PlaylistsController#index as HTML
  [1m[35mPlaylist Load (0.3ms)[0m  SELECT "playlists".* FROM "playlists"
Rendered playlists/index.html.haml (5.6ms)
Completed 200 OK in 29ms (Views: 14.7ms | ActiveRecord: 0.3ms)


Started GET "/playlists/new" for 127.0.0.1 at Thu Oct 21 22:42:39 +0200 2010
  Processing by PlaylistsController#new as HTML
DEPRECATION WARNING: - style block helpers are deprecated. Please use =. (called from _app_views_playlists_new_html_haml__703950681_70244561756820_0 at /home/adam/Studia/VII semestr/RoR/Task3/app/views/playlists/new.html.haml:3)
Rendered playlists/new.html.haml (22.6ms)
Completed 200 OK in 42ms (Views: 32.3ms | ActiveRecord: 0.0ms)


Started POST "/playlists" for 127.0.0.1 at Thu Oct 21 22:42:40 +0200 2010
  Processing by PlaylistsController#create as HTML
  Parameters: {"commit"=>"dodaj", "authenticity_token"=>"zqgSxlmEx5NhrORMWzG/81ZUdvvZ4AuYgljuoOZQuYk=", "utf8"=>"\342\234\223", "playlist"=>{"mood"=>"", "creator"=>"", "day"=>"1"}}
Rendered playlists/new.html.haml (4.8ms)
Completed   in 95ms

ActionView::Template::Error (undefined method `model_name' for NilClass:Class):
    1: Adam
    2: = a = 2
    3: - form_for @playlist do |f|
    4:   %p
    5:     Autor:
    6:     = f.text_field :creator
  app/views/playlists/new.html.haml:3:in `_app_views_playlists_new_html_haml__703950681_70244563054440_0'
  app/controllers/playlists_controller.rb:21:in `create'

Rendered /usr/lib/ruby/gems/1.8/gems/actionpack-3.0.0/lib/action_dispatch/middleware/templates/rescues/_trace.erb (1.4ms)
Rendered /usr/lib/ruby/gems/1.8/gems/actionpack-3.0.0/lib/action_dispatch/middleware/templates/rescues/_request_and_response.erb (8.8ms)
Rendered /usr/lib/ruby/gems/1.8/gems/actionpack-3.0.0/lib/action_dispatch/middleware/templates/rescues/template_error.erb within rescues/layout (15.2ms)


Started GET "/playlists/new" for 127.0.0.1 at Thu Oct 21 22:43:26 +0200 2010
  Processing by PlaylistsController#new as HTML
DEPRECATION WARNING: - style block helpers are deprecated. Please use =. (called from _app_views_playlists_new_html_haml__703950681_70244561093340_0 at /home/adam/Studia/VII semestr/RoR/Task3/app/views/playlists/new.html.haml:3)
Rendered playlists/new.html.haml (19.9ms)
Completed 200 OK in 37ms (Views: 28.2ms | ActiveRecord: 0.0ms)


Started POST "/playlists" for 127.0.0.1 at Thu Oct 21 22:43:27 +0200 2010
  Processing by PlaylistsController#create as HTML
  Parameters: {"commit"=>"dodaj", "authenticity_token"=>"zqgSxlmEx5NhrORMWzG/81ZUdvvZ4AuYgljuoOZQuYk=", "utf8"=>"\342\234\223", "playlist"=>{"mood"=>"", "creator"=>"", "day"=>"1"}}
Completed   in 28ms

ActionView::MissingTemplate (Missing template playlists/playlist with {:formats=>[:html], :handlers=>[:rhtml, :haml, :rxml, :erb, :rjs, :builder], :locale=>[:en, :en]} in view paths "/home/adam/Studia/VII semestr/RoR/Task3/app/views", "/home/adam/Studia/VII semestr/RoR/Task3/vendor/plugins/dynamic_form/app/views"):
  app/controllers/playlists_controller.rb:21:in `create'

Rendered /usr/lib/ruby/gems/1.8/gems/actionpack-3.0.0/lib/action_dispatch/middleware/templates/rescues/missing_template.erb within rescues/layout (0.7ms)


Started GET "/playlists" for 127.0.0.1 at Thu Oct 21 22:45:31 +0200 2010
  Processing by PlaylistsController#index as HTML
  [1m[36mPlaylist Load (0.3ms)[0m  [1mSELECT "playlists".* FROM "playlists"[0m
Rendered playlists/index.html.haml (6.0ms)
Completed 200 OK in 28ms (Views: 16.5ms | ActiveRecord: 0.3ms)


Started GET "/playlists/new" for 127.0.0.1 at Thu Oct 21 22:45:32 +0200 2010
  Processing by PlaylistsController#new as HTML
DEPRECATION WARNING: - style block helpers are deprecated. Please use =. (called from _app_views_playlists_new_html_haml__703950681_70244560535200_0 at /home/adam/Studia/VII semestr/RoR/Task3/app/views/playlists/new.html.haml:3)
Rendered playlists/new.html.haml (92.2ms)
Completed 200 OK in 110ms (Views: 100.8ms | ActiveRecord: 0.0ms)


Started POST "/playlists" for 127.0.0.1 at Thu Oct 21 22:45:34 +0200 2010
  Processing by PlaylistsController#create as HTML
  Parameters: {"commit"=>"dodaj", "authenticity_token"=>"zqgSxlmEx5NhrORMWzG/81ZUdvvZ4AuYgljuoOZQuYk=", "utf8"=>"\342\234\223", "playlist"=>{"mood"=>"", "creator"=>"", "day"=>"1"}}
Rendered playlists/new.html.haml (4.4ms)
Completed   in 33ms

ActionView::Template::Error (undefined method `model_name' for NilClass:Class):
    1: Adam
    2: = a = 2
    3: - form_for @playlist do |f|
    4:   %p
    5:     Autor:
    6:     = f.text_field :creator
  app/views/playlists/new.html.haml:3:in `_app_views_playlists_new_html_haml__703950681_70244562305080_0'
  app/controllers/playlists_controller.rb:21:in `create'

Rendered /usr/lib/ruby/gems/1.8/gems/actionpack-3.0.0/lib/action_dispatch/middleware/templates/rescues/_trace.erb (1.3ms)
Rendered /usr/lib/ruby/gems/1.8/gems/actionpack-3.0.0/lib/action_dispatch/middleware/templates/rescues/_request_and_response.erb (8.7ms)
Rendered /usr/lib/ruby/gems/1.8/gems/actionpack-3.0.0/lib/action_dispatch/middleware/templates/rescues/template_error.erb within rescues/layout (14.7ms)


Started GET "/playlists" for 127.0.0.1 at Thu Oct 21 22:48:27 +0200 2010
  Processing by PlaylistsController#index as HTML
  [1m[35mPlaylist Load (1.0ms)[0m  SELECT "playlists".* FROM "playlists"
Rendered playlists/index.html.haml (5.9ms)
Completed 200 OK in 26ms (Views: 14.2ms | ActiveRecord: 1.0ms)


Started GET "/playlists/new" for 127.0.0.1 at Thu Oct 21 22:48:28 +0200 2010
  Processing by PlaylistsController#new as HTML
DEPRECATION WARNING: - style block helpers are deprecated. Please use =. (called from _app_views_playlists_new_html_haml__703950681_70244563198920_0 at /home/adam/Studia/VII semestr/RoR/Task3/app/views/playlists/new.html.haml:3)
Rendered playlists/new.html.haml (22.2ms)
Completed 200 OK in 110ms (Views: 31.0ms | ActiveRecord: 0.0ms)


Started POST "/playlists" for 127.0.0.1 at Thu Oct 21 22:48:29 +0200 2010
  Processing by PlaylistsController#create as HTML
  Parameters: {"commit"=>"dodaj", "authenticity_token"=>"zqgSxlmEx5NhrORMWzG/81ZUdvvZ4AuYgljuoOZQuYk=", "utf8"=>"\342\234\223", "playlist"=>{"mood"=>"", "creator"=>"", "day"=>"1"}}
DEPRECATION WARNING: - style block helpers are deprecated. Please use =. (called from _app_views_playlists_new_html_haml__703950681_70244561722240_0 at /home/adam/Studia/VII semestr/RoR/Task3/app/views/playlists/new.html.haml:3)
Rendered playlists/new.html.haml (15.7ms)
Completed 200 OK in 44ms (Views: 24.4ms | ActiveRecord: 0.0ms)


Started POST "/playlists" for 127.0.0.1 at Thu Oct 21 22:48:31 +0200 2010
  Processing by PlaylistsController#create as HTML
  Parameters: {"commit"=>"dodaj", "authenticity_token"=>"zqgSxlmEx5NhrORMWzG/81ZUdvvZ4AuYgljuoOZQuYk=", "utf8"=>"\342\234\223", "playlist"=>{"mood"=>"", "creator"=>"", "day"=>"1"}}
DEPRECATION WARNING: - style block helpers are deprecated. Please use =. (called from _app_views_playlists_new_html_haml__703950681_70244562359540_0 at /home/adam/Studia/VII semestr/RoR/Task3/app/views/playlists/new.html.haml:3)
Rendered playlists/new.html.haml (16.4ms)
Completed 200 OK in 46ms (Views: 24.9ms | ActiveRecord: 0.0ms)


Started POST "/playlists" for 127.0.0.1 at Thu Oct 21 22:48:32 +0200 2010
  Processing by PlaylistsController#create as HTML
  Parameters: {"commit"=>"dodaj", "authenticity_token"=>"zqgSxlmEx5NhrORMWzG/81ZUdvvZ4AuYgljuoOZQuYk=", "utf8"=>"\342\234\223", "playlist"=>{"mood"=>"", "creator"=>"", "day"=>"1"}}
DEPRECATION WARNING: - style block helpers are deprecated. Please use =. (called from _app_views_playlists_new_html_haml__703950681_70244561139240_0 at /home/adam/Studia/VII semestr/RoR/Task3/app/views/playlists/new.html.haml:3)
Rendered playlists/new.html.haml (91.7ms)
Completed 200 OK in 120ms (Views: 101.1ms | ActiveRecord: 0.0ms)


Started GET "/playlists" for 127.0.0.1 at Thu Oct 21 22:48:54 +0200 2010
  Processing by PlaylistsController#index as HTML
  [1m[36mPlaylist Load (0.4ms)[0m  [1mSELECT "playlists".* FROM "playlists"[0m
Rendered playlists/index.html.haml (5.5ms)
Completed 200 OK in 26ms (Views: 14.5ms | ActiveRecord: 0.4ms)


Started GET "/playlists/new" for 127.0.0.1 at Thu Oct 21 22:48:55 +0200 2010
  Processing by PlaylistsController#new as HTML
DEPRECATION WARNING: - style block helpers are deprecated. Please use =. (called from _app_views_playlists_new_html_haml__703950681_70244561471480_0 at /home/adam/Studia/VII semestr/RoR/Task3/app/views/playlists/new.html.haml:3)
Rendered playlists/new.html.haml (90.4ms)
Completed 200 OK in 107ms (Views: 98.8ms | ActiveRecord: 0.0ms)


Started POST "/playlists" for 127.0.0.1 at Thu Oct 21 22:48:56 +0200 2010
  Processing by PlaylistsController#create as HTML
  Parameters: {"commit"=>"dodaj", "authenticity_token"=>"zqgSxlmEx5NhrORMWzG/81ZUdvvZ4AuYgljuoOZQuYk=", "utf8"=>"\342\234\223", "playlist"=>{"mood"=>"", "creator"=>"", "day"=>"1"}}
DEPRECATION WARNING: - style block helpers are deprecated. Please use =. (called from _app_views_playlists_new_html_haml__703950681_70244562319180_0 at /home/adam/Studia/VII semestr/RoR/Task3/app/views/playlists/new.html.haml:3)
Rendered playlists/new.html.haml (18.9ms)
Completed 200 OK in 47ms (Views: 27.2ms | ActiveRecord: 0.0ms)


Started GET "/playlists" for 127.0.0.1 at Thu Oct 21 22:49:12 +0200 2010
  Processing by PlaylistsController#index as HTML
  [1m[35mPlaylist Load (0.3ms)[0m  SELECT "playlists".* FROM "playlists"
Rendered playlists/index.html.haml (6.2ms)
Completed 200 OK in 26ms (Views: 15.1ms | ActiveRecord: 0.3ms)


Started GET "/playlists/new" for 127.0.0.1 at Thu Oct 21 22:49:14 +0200 2010
  Processing by PlaylistsController#new as HTML
DEPRECATION WARNING: - style block helpers are deprecated. Please use =. (called from _app_views_playlists_new_html_haml__703950681_70244563092180_0 at /home/adam/Studia/VII semestr/RoR/Task3/app/views/playlists/new.html.haml:1)
Rendered playlists/new.html.haml (22.2ms)
Completed 200 OK in 43ms (Views: 32.6ms | ActiveRecord: 0.0ms)


Started POST "/playlists" for 127.0.0.1 at Thu Oct 21 22:49:15 +0200 2010
  Processing by PlaylistsController#create as HTML
  Parameters: {"commit"=>"dodaj", "authenticity_token"=>"zqgSxlmEx5NhrORMWzG/81ZUdvvZ4AuYgljuoOZQuYk=", "utf8"=>"\342\234\223", "playlist"=>{"mood"=>"", "creator"=>"", "day"=>"1"}}
DEPRECATION WARNING: - style block helpers are deprecated. Please use =. (called from _app_views_playlists_new_html_haml__703950681_70244561499860_0 at /home/adam/Studia/VII semestr/RoR/Task3/app/views/playlists/new.html.haml:1)
Rendered playlists/new.html.haml (97.4ms)
Completed 200 OK in 126ms (Views: 106.4ms | ActiveRecord: 0.0ms)


Started POST "/playlists" for 127.0.0.1 at Thu Oct 21 22:54:21 +0200 2010
  Processing by PlaylistsController#create as HTML
  Parameters: {"commit"=>"dodaj", "authenticity_token"=>"zqgSxlmEx5NhrORMWzG/81ZUdvvZ4AuYgljuoOZQuYk=", "utf8"=>"\342\234\223", "playlist"=>{"mood"=>"", "creator"=>"", "day"=>"1"}}
DEPRECATION WARNING: - style block helpers are deprecated. Please use =. (called from _app_views_playlists_new_html_haml__703950681_70244562191620_0 at /home/adam/Studia/VII semestr/RoR/Task3/app/views/playlists/new.html.haml:1)
Rendered playlists/new.html.haml (19.1ms)
Completed 200 OK in 50ms (Views: 28.7ms | ActiveRecord: 0.0ms)


Started GET "/" for 127.0.0.1 at Fri Oct 22 16:49:18 +0200 2010
  Processing by PlaylistsController#index as HTML
  [1m[36mSQL (1.2ms)[0m  [1m SELECT name
 FROM sqlite_master
 WHERE type = 'table' AND NOT name = 'sqlite_sequence'
[0m
  [1m[35mPlaylist Load (0.2ms)[0m  SELECT "playlists".* FROM "playlists"
Rendered playlists/index.html.haml (12.2ms)
Completed 200 OK in 229ms (Views: 73.0ms | ActiveRecord: 1.4ms)


Started GET "/playlists/new" for 127.0.0.1 at Fri Oct 22 16:49:21 +0200 2010
  Processing by PlaylistsController#new as HTML
DEPRECATION WARNING: - style block helpers are deprecated. Please use =. (called from _app_views_playlists_new_html_haml__703950681_69940845675920_0 at /home/adam/Studia/VII semestr/RoR/Task3/app/views/playlists/new.html.haml:1)
Rendered playlists/new.html.haml (224.2ms)
Completed 200 OK in 255ms (Views: 247.2ms | ActiveRecord: 0.0ms)


Started POST "/playlists" for 127.0.0.1 at Fri Oct 22 16:49:22 +0200 2010
  Processing by PlaylistsController#create as HTML
  Parameters: {"commit"=>"dodaj", "authenticity_token"=>"CFXX5N0HzN4yD5urw8hgciMYyv6a7H2ysE/j6Zh5XuA=", "utf8"=>"\342\234\223", "playlist"=>{"mood"=>"", "creator"=>"", "day"=>"1"}}
DEPRECATION WARNING: - style block helpers are deprecated. Please use =. (called from _app_views_playlists_new_html_haml__703950681_69940847915240_0 at /home/adam/Studia/VII semestr/RoR/Task3/app/views/playlists/new.html.haml:1)
Rendered playlists/new.html.haml (17.1ms)
Completed 200 OK in 47ms (Views: 26.7ms | ActiveRecord: 0.0ms)


Started GET "/playlists" for 127.0.0.1 at Fri Oct 22 16:50:30 +0200 2010
  Processing by PlaylistsController#index as HTML
  [1m[36mPlaylist Load (0.4ms)[0m  [1mSELECT "playlists".* FROM "playlists"[0m
Rendered playlists/index.html.haml (5.6ms)
Completed 200 OK in 25ms (Views: 14.3ms | ActiveRecord: 0.4ms)


Started GET "/playlists/new" for 127.0.0.1 at Fri Oct 22 16:50:31 +0200 2010
  Processing by PlaylistsController#new as HTML
DEPRECATION WARNING: - style block helpers are deprecated. Please use =. (called from _app_views_playlists_new_html_haml__703950681_69940847853540_0 at /home/adam/Studia/VII semestr/RoR/Task3/app/views/playlists/new.html.haml:1)
Rendered playlists/new.html.haml (19.4ms)
Completed 200 OK in 36ms (Views: 27.8ms | ActiveRecord: 0.0ms)


Started POST "/playlists" for 127.0.0.1 at Fri Oct 22 16:50:33 +0200 2010
  Processing by PlaylistsController#create as HTML
  Parameters: {"commit"=>"dodaj", "authenticity_token"=>"CFXX5N0HzN4yD5urw8hgciMYyv6a7H2ysE/j6Zh5XuA=", "utf8"=>"\342\234\223", "playlist"=>{"mood"=>"", "creator"=>"", "day"=>"1"}}
DEPRECATION WARNING: - style block helpers are deprecated. Please use =. (called from _app_views_playlists_new_html_haml__703950681_69940846417820_0 at /home/adam/Studia/VII semestr/RoR/Task3/app/views/playlists/new.html.haml:1)
Rendered playlists/new.html.haml (96.1ms)
Completed 200 OK in 121ms (Views: 104.4ms | ActiveRecord: 0.0ms)


Started GET "/playlists" for 127.0.0.1 at Fri Oct 22 16:51:35 +0200 2010
  Processing by PlaylistsController#index as HTML
  [1m[35mPlaylist Load (0.3ms)[0m  SELECT "playlists".* FROM "playlists"
Rendered playlists/index.html.haml (5.4ms)
Completed 200 OK in 24ms (Views: 13.5ms | ActiveRecord: 0.3ms)


Started GET "/playlists/new" for 127.0.0.1 at Fri Oct 22 16:51:36 +0200 2010
  Processing by PlaylistsController#new as HTML
Rendered playlists/new.html.haml (89.2ms)
Completed   in 105ms

ActionView::Template::Error (Model Playlist does not respond to desription):
    14:     = f.text_field :mood
    15:   %p
    16:     Opis:
    17:     = f.text_field :desription
    18:   %p=f.submit "dodaj"
    19:   
    20: %p= link_to "Powrót", playlists_path
  app/views/playlists/new.html.haml:17
  app/views/playlists/new.html.haml:3:in `_app_views_playlists_new_html_haml__703950681_69940847385860_0'

Rendered /usr/lib/ruby/gems/1.8/gems/actionpack-3.0.0/lib/action_dispatch/middleware/templates/rescues/_trace.erb (1.5ms)
Rendered /usr/lib/ruby/gems/1.8/gems/actionpack-3.0.0/lib/action_dispatch/middleware/templates/rescues/_request_and_response.erb (8.5ms)
Rendered /usr/lib/ruby/gems/1.8/gems/actionpack-3.0.0/lib/action_dispatch/middleware/templates/rescues/template_error.erb within rescues/layout (16.5ms)


Started GET "/playlists/new" for 127.0.0.1 at Fri Oct 22 16:52:07 +0200 2010
  Processing by PlaylistsController#new as HTML
DEPRECATION WARNING: - style block helpers are deprecated. Please use =. (called from _app_views_playlists_new_html_haml__703950681_69940847321320_0 at /home/adam/Studia/VII semestr/RoR/Task3/app/views/playlists/new.html.haml:3)
Rendered playlists/new.html.haml (20.7ms)
Completed 200 OK in 37ms (Views: 28.7ms | ActiveRecord: 0.0ms)


Started POST "/playlists" for 127.0.0.1 at Fri Oct 22 16:52:13 +0200 2010
  Processing by PlaylistsController#create as HTML
  Parameters: {"commit"=>"dodaj", "authenticity_token"=>"CFXX5N0HzN4yD5urw8hgciMYyv6a7H2ysE/j6Zh5XuA=", "utf8"=>"\342\234\223", "playlist"=>{"mood"=>"", "creator"=>"", "day"=>"1", "description"=>""}}
DEPRECATION WARNING: - style block helpers are deprecated. Please use =. (called from _app_views_playlists_new_html_haml__703950681_69940848887520_0 at /home/adam/Studia/VII semestr/RoR/Task3/app/views/playlists/new.html.haml:3)
Rendered playlists/new.html.haml (20.9ms)
Completed 200 OK in 114ms (Views: 29.6ms | ActiveRecord: 0.0ms)


Started POST "/playlists" for 127.0.0.1 at Fri Oct 22 16:52:24 +0200 2010
  Processing by PlaylistsController#create as HTML
  Parameters: {"commit"=>"dodaj", "authenticity_token"=>"CFXX5N0HzN4yD5urw8hgciMYyv6a7H2ysE/j6Zh5XuA=", "utf8"=>"\342\234\223", "playlist"=>{"mood"=>"", "creator"=>"", "day"=>"1", "description"=>""}}
DEPRECATION WARNING: - style block helpers are deprecated. Please use =. (called from _app_views_playlists_new_html_haml__703950681_69940847623620_0 at /home/adam/Studia/VII semestr/RoR/Task3/app/views/playlists/new.html.haml:3)
Rendered playlists/new.html.haml (79.5ms)
Completed 200 OK in 104ms (Views: 87.7ms | ActiveRecord: 0.0ms)


Started POST "/playlists" for 127.0.0.1 at Fri Oct 22 16:52:40 +0200 2010
  Processing by PlaylistsController#create as HTML
  Parameters: {"commit"=>"dodaj", "authenticity_token"=>"CFXX5N0HzN4yD5urw8hgciMYyv6a7H2ysE/j6Zh5XuA=", "utf8"=>"\342\234\223", "playlist"=>{"mood"=>"Happy", "creator"=>"Ja", "day"=>"16", "description"=>"Playlista nr. 1"}}
  [1m[36mSQL (0.5ms)[0m  [1mINSERT INTO "playlists" ("created_at", "creator", "day", "description", "mood", "updated_at") VALUES ('2010-10-22 14:52:40.712884', 'Ja', 16, 'Playlista nr. 1', 'Happy', '2010-10-22 14:52:40.712884')[0m
Redirected to http://localhost:3000/
Completed 302 Found in 70ms


Started GET "/" for 127.0.0.1 at Fri Oct 22 16:52:40 +0200 2010
  Processing by PlaylistsController#index as HTML
  [1m[35mPlaylist Load (0.4ms)[0m  SELECT "playlists".* FROM "playlists"
  [1m[36mSong Load (0.3ms)[0m  [1mSELECT "songs".* FROM "songs" WHERE ("songs".playlist_id = 1)[0m
Rendered playlists/index.html.haml (64.0ms)
Completed 200 OK in 83ms (Views: 71.9ms | ActiveRecord: 0.7ms)


Started GET "/playlists/1" for 127.0.0.1 at Fri Oct 22 16:53:08 +0200 2010
  Processing by PlaylistsController#show as HTML
  Parameters: {"id"=>"1"}
  [1m[35mPlaylist Load (0.4ms)[0m  SELECT "playlists".* FROM "playlists"
  [1m[36mPlaylist Load (0.2ms)[0m  [1mSELECT "playlists".* FROM "playlists" WHERE ("playlists"."id" = 1) LIMIT 1[0m
  [1m[35mSong Load (0.2ms)[0m  SELECT "songs".* FROM "songs" WHERE ("songs".playlist_id = 1)
Rendered playlists/show.html.haml (94.2ms)
Completed 200 OK in 115ms (Views: 102.6ms | ActiveRecord: 1.3ms)
